<?xml version="1.0" encoding="UTF-8"?>
<!-- Generated by org.testng.reporters.JUnitXMLReporter -->
<testsuite ignored="0" hostname="DESKTOP-DVLNFQ6" failures="0" tests="6" name="Test" time="0.131" errors="0" timestamp="2019-11-21T18:40:45 GMT-05:00">
  <testcase classname="QAclickacadamy.SeleniumTest$RESTApiTest" name="browserTesting" time="0.016"/>
  <testcase classname="QAclickacadamy.SeleniumTest$RESTApiTest" name="elementUI" time="0.0"/>
  <testcase classname="QAclickacadamy.AppiumTest" name="IOSAPPS" time="0.0"/>
  <testcase classname="QAclickacadamy.AppiumTest" name="browserTesting" time="0.002"/>
  <testcase classname="QAclickacadamy.RESTApiTest" name="DeleteTwitter" time="0.001"/>
  <testcase classname="QAclickacadamy.RESTApiTest" name="postJIRA" time="0.0"/>
</testsuite> <!-- Test -->
