<?xml version="1.0" encoding="UTF-8"?>
<testng-results ignored="0" total="6" passed="6" failed="0" skipped="0">
  <reporter-output>
  </reporter-output>
  <suite started-at="2019-11-21T18:40:45 GMT-05:00" name="Suite" finished-at="2019-11-21T18:40:45 GMT-05:00" duration-ms="131">
    <groups>
    </groups>
    <test started-at="2019-11-21T18:40:45 GMT-05:00" name="Test" finished-at="2019-11-21T18:40:45 GMT-05:00" duration-ms="131">
      <class name="QAclickacadamy.SeleniumTest$RESTApiTest">
        <test-method signature="browserTesting()[pri:0, instance:QAclickacadamy.SeleniumTest$RESTApiTest@40e6dfe1]" started-at="2019-11-21T18:40:45 GMT-05:00" name="browserTesting" finished-at="2019-11-21T18:40:45 GMT-05:00" duration-ms="16" status="PASS">
          <reporter-output>
          </reporter-output>
        </test-method> <!-- browserTesting -->
        <test-method signature="elementUI()[pri:0, instance:QAclickacadamy.SeleniumTest$RESTApiTest@40e6dfe1]" started-at="2019-11-21T18:40:45 GMT-05:00" name="elementUI" finished-at="2019-11-21T18:40:45 GMT-05:00" duration-ms="0" status="PASS">
          <reporter-output>
          </reporter-output>
        </test-method> <!-- elementUI -->
      </class> <!-- QAclickacadamy.SeleniumTest$RESTApiTest -->
      <class name="QAclickacadamy.RESTApiTest">
        <test-method signature="DeleteTwitter()[pri:0, instance:QAclickacadamy.RESTApiTest@105fece7]" started-at="2019-11-21T18:40:45 GMT-05:00" name="DeleteTwitter" finished-at="2019-11-21T18:40:45 GMT-05:00" duration-ms="1" status="PASS">
          <reporter-output>
          </reporter-output>
        </test-method> <!-- DeleteTwitter -->
        <test-method signature="postJIRA()[pri:0, instance:QAclickacadamy.RESTApiTest@105fece7]" started-at="2019-11-21T18:40:45 GMT-05:00" name="postJIRA" finished-at="2019-11-21T18:40:45 GMT-05:00" duration-ms="0" status="PASS">
          <reporter-output>
          </reporter-output>
        </test-method> <!-- postJIRA -->
      </class> <!-- QAclickacadamy.RESTApiTest -->
      <class name="QAclickacadamy.AppiumTest">
        <test-method signature="IOSAPPS()[pri:0, instance:QAclickacadamy.AppiumTest@1b083826]" started-at="2019-11-21T18:40:45 GMT-05:00" name="IOSAPPS" finished-at="2019-11-21T18:40:45 GMT-05:00" duration-ms="0" status="PASS">
          <reporter-output>
          </reporter-output>
        </test-method> <!-- IOSAPPS -->
        <test-method signature="browserTesting()[pri:0, instance:QAclickacadamy.AppiumTest@1b083826]" started-at="2019-11-21T18:40:45 GMT-05:00" name="browserTesting" finished-at="2019-11-21T18:40:45 GMT-05:00" duration-ms="2" status="PASS">
          <reporter-output>
          </reporter-output>
        </test-method> <!-- browserTesting -->
      </class> <!-- QAclickacadamy.AppiumTest -->
    </test> <!-- Test -->
  </suite> <!-- Suite -->
</testng-results>
