<?xml version="1.0" encoding="UTF-8"?>
<testng-results ignored="0" total="2" passed="2" failed="0" skipped="0">
  <reporter-output>
  </reporter-output>
  <suite started-at="2019-10-31T18:46:05 GMT-04:00" name="Default suite" finished-at="2019-10-31T18:46:05 GMT-04:00" duration-ms="137">
    <groups>
    </groups>
    <test started-at="2019-10-31T18:46:05 GMT-04:00" name="Default test" finished-at="2019-10-31T18:46:05 GMT-04:00" duration-ms="137">
      <class name="QAclickacadamy.RESTApiTest">
        <test-method signature="DeleteTwitter()[pri:0, instance:QAclickacadamy.RESTApiTest@78aab498]" started-at="2019-10-31T18:46:05 GMT-04:00" name="DeleteTwitter" finished-at="2019-10-31T18:46:05 GMT-04:00" duration-ms="24" status="PASS">
          <reporter-output>
          </reporter-output>
        </test-method> <!-- DeleteTwitter -->
        <test-method signature="postJIRA()[pri:0, instance:QAclickacadamy.RESTApiTest@78aab498]" started-at="2019-10-31T18:46:05 GMT-04:00" name="postJIRA" finished-at="2019-10-31T18:46:05 GMT-04:00" duration-ms="3" status="PASS">
          <reporter-output>
          </reporter-output>
        </test-method> <!-- postJIRA -->
      </class> <!-- QAclickacadamy.RESTApiTest -->
    </test> <!-- Default test -->
  </suite> <!-- Default suite -->
</testng-results>
